[2026-04-01 17:34:15 UTC] RISK MONITOR START
=== AGENT PROGRESS AUDIT ===
✅ api-mapper: 1 unique files found
⚠️  code-reviewer: NO UNIQUE WORK DETECTED
⚠️  coder: NO UNIQUE WORK DETECTED
⚠️  kpi-auditor: NO UNIQUE WORK DETECTED
⚠️  linux-analyst: NO UNIQUE WORK DETECTED
⚠️  merge-strategist: NO UNIQUE WORK DETECTED
⚠️  native-validator: NO UNIQUE WORK DETECTED
⚠️  os-extension-validator: NO UNIQUE WORK DETECTED
✅ performance-engineer: 2 unique files found
⚠️  portability-validator: NO UNIQUE WORK DETECTED
⚠️  seam-architect: NO UNIQUE WORK DETECTED
⚠️  tdd-writer: NO UNIQUE WORK DETECTED
⚠️  verification-executor: NO UNIQUE WORK DETECTED
=== FRAMEWORK CONTAMINATION CHECK ===
✅ No framework contamination detected
📊 Linux API calls detected: 400
=== TDD COMPLIANCE AUDIT ===
✅ api-mapper: 2 test files found
⚠️  code-reviewer: NO TEST FILES FOUND - TDD VIOLATION
⚠️  coder: NO TEST FILES FOUND - TDD VIOLATION
⚠️  kpi-auditor: NO TEST FILES FOUND - TDD VIOLATION
⚠️  linux-analyst: NO TEST FILES FOUND - TDD VIOLATION
⚠️  merge-strategist: NO TEST FILES FOUND - TDD VIOLATION
⚠️  native-validator: NO TEST FILES FOUND - TDD VIOLATION
⚠️  os-extension-validator: NO TEST FILES FOUND - TDD VIOLATION
✅ performance-engineer: 1 test files found
⚠️  portability-validator: NO TEST FILES FOUND - TDD VIOLATION
⚠️  risk-auditor: NO TEST FILES FOUND - TDD VIOLATION
⚠️  seam-architect: NO TEST FILES FOUND - TDD VIOLATION
✅ tdd-writer: 2 test files found
⚠️  verification-executor: NO TEST FILES FOUND - TDD VIOLATION
=== GATE STATUS CHECK ===
📊 Monitoring phase gate status - requires orchestrator integration
[2026-04-01 17:34:15 UTC] RISK MONITOR END
---
📊 MEDIUM RISK LEVEL: 8
